23-06-2022 15:09:59.097 [main] INFO  c.i.j.java350.service.EmployeService.embaucheEmploye - Embauche d'un employé Doe John COMMERCIAL MASTER 1.0
23-06-2022 15:09:59.134 [main] DEBUG c.i.j.java350.service.EmployeService.embaucheEmploye - Dernier matricule récupéré : 12345
23-06-2022 15:09:59.137 [main] INFO  c.i.j.java350.service.EmployeService.embaucheEmploye - Matricule calculé pour l'embauche de Doe John : C12346
23-06-2022 15:09:59.150 [main] INFO  c.i.j.java350.service.EmployeService.embaucheEmploye - Salaire calculé : 2129.71
23-06-2022 15:09:59.173 [main] INFO  c.i.j.java350.service.EmployeService.embaucheEmploye - Employé avant sauvegarde : Employe{id=null, nom='Doe', prenom='John', matricule='C12346', dateEmbauche=2022-06-23, salaire=2129.71, performance=1, tempsPartiel=1.0}
23-06-2022 15:09:59.176 [main] INFO  c.i.j.java350.service.EmployeService.embaucheEmploye - Employé après sauvegarde : Employe{id=null, nom='Doe', prenom='John', matricule='C12346', dateEmbauche=2022-06-23, salaire=2129.71, performance=1, tempsPartiel=1.0}
23-06-2022 15:09:59.400 [main] INFO  c.i.j.java350.service.EmployeService.embaucheEmploye - Embauche d'un employé Doe John COMMERCIAL MASTER 1.0
23-06-2022 15:09:59.401 [main] DEBUG c.i.j.java350.service.EmployeService.embaucheEmploye - Dernier matricule récupéré : 55555
23-06-2022 15:09:59.401 [main] INFO  c.i.j.java350.service.EmployeService.embaucheEmploye - Matricule calculé pour l'embauche de Doe John : C55556
23-06-2022 15:09:59.402 [main] ERROR c.i.j.java350.service.EmployeService.embaucheEmploye - L'employé de matricule C55556 existe déjà en BDD
23-06-2022 15:09:59.415 [main] INFO  c.i.j.java350.service.EmployeService.embaucheEmploye - Embauche d'un employé Doe John COMMERCIAL MASTER 1.0
23-06-2022 15:09:59.417 [main] DEBUG c.i.j.java350.service.EmployeService.embaucheEmploye - Dernier matricule récupéré : null
23-06-2022 15:09:59.418 [main] WARN  c.i.j.java350.service.EmployeService.embaucheEmploye - Aucun employé trouvé, utilisation du matricule initial
23-06-2022 15:09:59.418 [main] INFO  c.i.j.java350.service.EmployeService.embaucheEmploye - Matricule calculé pour l'embauche de Doe John : C00001
23-06-2022 15:09:59.420 [main] INFO  c.i.j.java350.service.EmployeService.embaucheEmploye - Salaire calculé : 2129.71
23-06-2022 15:09:59.421 [main] INFO  c.i.j.java350.service.EmployeService.embaucheEmploye - Employé avant sauvegarde : Employe{id=null, nom='Doe', prenom='John', matricule='C00001', dateEmbauche=2022-06-23, salaire=2129.71, performance=1, tempsPartiel=1.0}
23-06-2022 15:09:59.422 [main] INFO  c.i.j.java350.service.EmployeService.embaucheEmploye - Employé après sauvegarde : Employe{id=null, nom='Doe', prenom='John', matricule='C00001', dateEmbauche=2022-06-23, salaire=2129.71, performance=1, tempsPartiel=1.0}
23-06-2022 15:09:59.431 [main] INFO  c.i.j.java350.service.EmployeService.embaucheEmploye - Embauche d'un employé Doe John COMMERCIAL MASTER 0.5
23-06-2022 15:09:59.432 [main] DEBUG c.i.j.java350.service.EmployeService.embaucheEmploye - Dernier matricule récupéré : 12345
23-06-2022 15:09:59.432 [main] INFO  c.i.j.java350.service.EmployeService.embaucheEmploye - Matricule calculé pour l'embauche de Doe John : C12346
23-06-2022 15:09:59.433 [main] INFO  c.i.j.java350.service.EmployeService.embaucheEmploye - Salaire calculé : 1064.85
23-06-2022 15:09:59.434 [main] INFO  c.i.j.java350.service.EmployeService.embaucheEmploye - Employé avant sauvegarde : Employe{id=null, nom='Doe', prenom='John', matricule='C12346', dateEmbauche=2022-06-23, salaire=1064.85, performance=1, tempsPartiel=0.5}
23-06-2022 15:09:59.435 [main] INFO  c.i.j.java350.service.EmployeService.embaucheEmploye - Employé après sauvegarde : Employe{id=null, nom='Doe', prenom='John', matricule='C12346', dateEmbauche=2022-06-23, salaire=1064.85, performance=1, tempsPartiel=0.5}
23-06-2022 15:09:59.444 [main] INFO  c.i.j.java350.service.EmployeService.embaucheEmploye - Embauche d'un employé Doe John COMMERCIAL MASTER 1.0
23-06-2022 15:09:59.445 [main] DEBUG c.i.j.java350.service.EmployeService.embaucheEmploye - Dernier matricule récupéré : 99999
23-06-2022 15:09:59.446 [main] ERROR c.i.j.java350.service.EmployeService.embaucheEmploye - Limite des 100000 matricules atteinte !
